
     Program AVERAGE v.6.8 starts on  8Aug2021 at  4:23:37 

     This program is part of the open-source Quantum ESPRESSO suite
     for quantum simulation of materials; please cite
         "P. Giannozzi et al., J. Phys.:Condens. Matter 21 395502 (2009);
         "P. Giannozzi et al., J. Phys.:Condens. Matter 29 465901 (2017);
         "P. Giannozzi et al., J. Chem. Phys. 152 154105 (2020);
          URL http://www.quantum-espresso.org", 
     in publications or presentations arising from this work. More details at
     http://www.quantum-espresso.org/quote

     Serial version
     1006 MiB available memory on the printing compute node when the environment starts

     Reading header from file  sic_gec3.charge
     Reading data from file  sic_gec3.charge
     Reading data from file  sic3.charge
     Reading data from file  gec3.charge
     Output written to file avg.dat

     AVERAGE      :      0.18s CPU      0.23s WALL


   This run was terminated on:   4:23:37   8Aug2021            

=------------------------------------------------------------------------------=
   JOB DONE.
=------------------------------------------------------------------------------=
